
ROM used: 794 (1%)
          794 (1%) including unused fragments

          1 Average locations per line
          17 Average locations per statement

RAM used: 23 (1%) at main() level
          31 (1%) worst case

Stack used: 3 worst case (out of 31 total available)

Lines Stmts  %   Files
----- ----- ---  -----
  113    48 100  main.c
   56     0   0  main.h
  457     0   0  C:\Program Files (x86)\PICC\devices\18F4620.h
----- -----
  626    48 Total

Page ROM  %  RAM   Vol Diff  Functions:
---- --- --- ---   --- ----  ----------
0     40   3   1             @delay_ms1
0     38   2   3   119  2.0  leds
0     38   2   1   167  3.1  read_data
0     62   4   1   310  3.7  time_leds
0     44   3   0             @goto10069
0    102   6   3   158  3.1  confirm_pressed
0     62   4   6             @WRITEBITA
0     46   3   5             @READBITA
0    100   6   0   402  2.4  init
0      6   0   0     5  1.0  TIMER2_isr
0    110   7   1   186  2.7  MAIN

Program metrics:
    Functions               7
    Statements              48
    Comments                134
    Volume (V)              2069
    Difficilty (D)          17.5
    Effort to implement (E) 36164
    Time to implement (T)   33 minutes
    Est Delivered Bugs (B)  0
    Cyclomatic Complexity   11
    Maintainability (MI)    134

 Segment     Used  Free
-----------  ----  ----
00000-00002     4  0  
00004-00006     0  4  
00008-00094   142  0  
00096-0FFFE   648  64738  



